<?xml version="1.0" encoding="UTF-8"?>
<!-- Generated by org.testng.reporters.JUnitReportReporter -->
<testsuite hostname="IN-MMeghana-1" name="com.test.TestNgBasics" tests="1" failures="0" timestamp="4 Mar 2020 08:40:49 GMT" time="0.003" errors="0">
  <testcase name="googleTitleTest" time="0.003" classname="com.test.TestNgBasics"/>
</testsuite> <!-- com.test.TestNgBasics -->
