<?xml version="1.0" encoding="UTF-8"?>
<!-- Generated by org.testng.reporters.JUnitReportReporter -->
<testsuite hostname="IN-MMeghana-1" name="com.test.googleTest" tests="1" failures="0" timestamp="12 Apr 2020 17:45:10 GMT" time="8.159" errors="0">
  <testcase name="googleTitleTest" time="8.159" classname="com.test.googleTest"/>
</testsuite> <!-- com.test.googleTest -->
